<?xml version="1.0" encoding="UTF-8"?>
<!-- Generated by org.testng.reporters.JUnitReportReporter -->
<testsuite skipped="0" hostname="DESKTOP-CAVKLCM" name="TestNGturorials.testNGclass2" tests="14" failures="0" timestamp="02 Mar 2021 06:25:05 GMT" time="238.265" errors="0">
  <testcase name="method1_LogInToAPPS_Portal" time="17.068" classname="TestNGturorials.testNGclass2"/>
  <testcase name="method2_NavigateToUserManagement" time="30.352" classname="TestNGturorials.testNGclass2"/>
  <testcase name="method3_InviteUserToUserManagement" time="36.033" classname="TestNGturorials.testNGclass2"/>
  <testcase name="method4_LogOutFromAPPS_Portal" time="10.332" classname="TestNGturorials.testNGclass2"/>
  <testcase name="method5_LogInToGmail" time="36.519" classname="TestNGturorials.testNGclass2"/>
  <testcase name="method6_ClickOnInvitationEmail" time="10.609" classname="TestNGturorials.testNGclass2"/>
  <testcase name="method7_EnterNewPasswordForUserRegistration" time="3.953" classname="TestNGturorials.testNGclass2"/>
  <testcase name="method8_ClickOnOTP_Email" time="20.465" classname="TestNGturorials.testNGclass2"/>
  <testcase name="method9_CopyandPasteOTP_From_Email" time="5.406" classname="TestNGturorials.testNGclass2"/>
  <testcase name="method10_EnterAccountRegistrationDetails" time="15.757" classname="TestNGturorials.testNGclass2"/>
  <testcase name="method11_VerifyRegistrationBySigningIn" time="5.569" classname="TestNGturorials.testNGclass2"/>
  <testcase name="method12_VerifyEditTitle" time="35.985" classname="TestNGturorials.testNGclass2"/>
  <testcase name="method13_VerifyApplicationsSection" time="5.106" classname="TestNGturorials.testNGclass2"/>
  <testcase name="method14_VerifyDevicesSection" time="5.111" classname="TestNGturorials.testNGclass2"/>
</testsuite> <!-- TestNGturorials.testNGclass2 -->
