<?xml version="1.0" encoding="UTF-8"?>
<!-- Generated by org.testng.reporters.JUnitReportReporter -->
<testsuite skipped="14" hostname="DESKTOP-CAVKLCM" name="TestNGturorials.OperationsPortal" tests="21" failures="0" timestamp="15 Mar 2021 12:11:15 GMT" time="284.153" errors="0">
  <testcase name="method1_LoginToOpsPortal" time="31.447" classname="TestNGturorials.OperationsPortal"/>
  <testcase name="method2_InviteMemberToUserManagement" time="51.236" classname="TestNGturorials.OperationsPortal"/>
  <testcase name="method3_validSearchField" time="35.689" classname="TestNGturorials.OperationsPortal"/>
  <testcase name="method5_LoginToGmailAndEnterNewPassword" time="45.565" classname="TestNGturorials.OperationsPortal"/>
  <testcase name="method6_EnterOTP" time="26.198" classname="TestNGturorials.OperationsPortal"/>
  <testcase name="method7_EnterUserDetails" time="25.838" classname="TestNGturorials.OperationsPortal"/>
  <testcase name="method8_LogginWithRegisteredUser" time="68.180" classname="TestNGturorials.OperationsPortal"/>
  <testcase name="method9_TenantCreation_Onboarding" classname="TestNGturorials.OperationsPortal">
    <skipped/>
  </testcase> <!-- method9_TenantCreation_Onboarding -->
  <testcase name="method21_InvitedMemberSave" classname="TestNGturorials.OperationsPortal">
    <skipped/>
  </testcase> <!-- method21_InvitedMemberSave -->
  <testcase name="method19_InviteMemberToUserManagementAndDelete" classname="TestNGturorials.OperationsPortal">
    <skipped/>
  </testcase> <!-- method19_InviteMemberToUserManagementAndDelete -->
  <testcase name="method18_deviceTypeCreation" classname="TestNGturorials.OperationsPortal">
    <skipped/>
  </testcase> <!-- method18_deviceTypeCreation -->
  <testcase name="method20_resendInvite" classname="TestNGturorials.OperationsPortal">
    <skipped/>
  </testcase> <!-- method20_resendInvite -->
  <testcase name="method4_validateInvitedMemberListedInMembersListOfOpsPortal" classname="TestNGturorials.OperationsPortal">
    <skipped/>
  </testcase> <!-- method4_validateInvitedMemberListedInMembersListOfOpsPortal -->
  <testcase name="method13_deviceAssignment" classname="TestNGturorials.OperationsPortal">
    <skipped/>
  </testcase> <!-- method13_deviceAssignment -->
  <testcase name="method16_memberResendInvite" classname="TestNGturorials.OperationsPortal">
    <skipped/>
  </testcase> <!-- method16_memberResendInvite -->
  <testcase name="method17_deviceCreation" classname="TestNGturorials.OperationsPortal">
    <skipped/>
  </testcase> <!-- method17_deviceCreation -->
  <testcase name="method15_memberSaveInsideTenant" classname="TestNGturorials.OperationsPortal">
    <skipped/>
  </testcase> <!-- method15_memberSaveInsideTenant -->
  <testcase name="method11_CreatNewSubscriptionToAddedTenant" classname="TestNGturorials.OperationsPortal">
    <skipped/>
  </testcase> <!-- method11_CreatNewSubscriptionToAddedTenant -->
  <testcase name="method14_memberInvite_Delete" classname="TestNGturorials.OperationsPortal">
    <skipped/>
  </testcase> <!-- method14_memberInvite_Delete -->
  <testcase name="method12_updateSubscriptionInfo" classname="TestNGturorials.OperationsPortal">
    <skipped/>
  </testcase> <!-- method12_updateSubscriptionInfo -->
  <testcase name="method10_updateAddedTenantInfo" classname="TestNGturorials.OperationsPortal">
    <skipped/>
  </testcase> <!-- method10_updateAddedTenantInfo -->
</testsuite> <!-- TestNGturorials.OperationsPortal -->
