<?xml version="1.0" encoding="UTF-8"?>
<!-- Generated by org.testng.reporters.JUnitReportReporter -->
<testsuite skipped="0" hostname="DESKTOP-CAVKLCM" name="TestNGturorials.testNGclass" tests="3" failures="0" timestamp="19 Feb 2020 09:01:10 GMT" time="52.194" errors="0">
  <testcase name="openURL" time="46.018" classname="TestNGturorials.testNGclass"/>
  <testcase name="loginApplication" time="0.446" classname="TestNGturorials.testNGclass"/>
  <testcase name="setRoleAndWorkspace" time="5.730" classname="TestNGturorials.testNGclass"/>
</testsuite> <!-- TestNGturorials.testNGclass -->
